proguard_logs/seeds.txt
com.example.instantscore.AppSectionsPagerAdapter
com.example.instantscore.AppSectionsPagerAdapter: AppSectionsPagerAdapter(android.support.v4.app.FragmentManager,android.support.v4.app.FragmentActivity)
com.example.instantscore.AppSectionsPagerAdapter: android.support.v4.app.Fragment getItem(int)
com.example.instantscore.AppSectionsPagerAdapter: int getCount()
com.example.instantscore.AppSectionsPagerAdapter: java.lang.CharSequence getPageTitle(int)
com.example.instantscore.AppSectionsPagerAdapter: int getLastFragmentIndex()
com.example.instantscore.BuildConfig
com.example.instantscore.BuildConfig: boolean DEBUG
com.example.instantscore.BuildConfig: BuildConfig()
com.example.instantscore.MainActivity
com.example.instantscore.MainActivity: MainActivity()
com.example.instantscore.MainActivity: void onCreate(android.os.Bundle)
com.example.instantscore.MainActivity: void onResume()
com.example.instantscore.MainActivity: boolean onCreateOptionsMenu(android.view.Menu)
com.example.instantscore.MainActivity: boolean onOptionsItemSelected(android.view.MenuItem)
com.example.instantscore.MainActivity: void onTabReselected(android.app.ActionBar$Tab,android.app.FragmentTransaction)
com.example.instantscore.MainActivity: void onTabSelected(android.app.ActionBar$Tab,android.app.FragmentTransaction)
com.example.instantscore.MainActivity: void onTabUnselected(android.app.ActionBar$Tab,android.app.FragmentTransaction)
com.example.instantscore.MainActivity: void onUpdate(com.example.instantscore.model.EventContainer)
com.example.instantscore.MainActivity: void onException(com.example.instantscore.model.EventContainer)
com.example.instantscore.MainActivity: void onPause()
com.example.instantscore.MainSectionFragment
com.example.instantscore.MainSectionFragment: MainSectionFragment()
com.example.instantscore.MainSectionFragment: void onAttach(android.app.Activity)
com.example.instantscore.MainSectionFragment: android.view.View onCreateView(android.view.LayoutInflater,android.view.ViewGroup,android.os.Bundle)
com.example.instantscore.MainSectionFragment: void onUpdate(java.lang.String)
com.example.instantscore.R
com.example.instantscore.R: R()
com.example.instantscore.R$array
com.example.instantscore.R$array: int titles
com.example.instantscore.R$array: R$array()
com.example.instantscore.R$attr
com.example.instantscore.R$attr: R$attr()
com.example.instantscore.R$color
com.example.instantscore.R$color: int default_color
com.example.instantscore.R$color: int pressed_color
com.example.instantscore.R$color: R$color()
com.example.instantscore.R$dimen
com.example.instantscore.R$dimen: int activity_horizontal_margin
com.example.instantscore.R$dimen: int activity_vertical_margin
com.example.instantscore.R$dimen: R$dimen()
com.example.instantscore.R$drawable
com.example.instantscore.R$drawable: int bg_key
com.example.instantscore.R$drawable: int ic_launcher
com.example.instantscore.R$drawable: int ic_menu_add
com.example.instantscore.R$drawable: int ic_menu_refresh
com.example.instantscore.R$drawable: int selector_list_item
com.example.instantscore.R$drawable: R$drawable()
...
android.support.v4.print.PrintHelper
android.support.v4.print.PrintHelper: int SCALE_MODE_FIT
android.support.v4.print.PrintHelper: int SCALE_MODE_FILL
android.support.v4.print.PrintHelper: int COLOR_MODE_MONOCHROME
android.support.v4.print.PrintHelper: int COLOR_MODE_COLOR
android.support.v4.print.PrintHelper: int ORIENTATION_LANDSCAPE
android.support.v4.print.PrintHelper: int ORIENTATION_PORTRAIT
android.support.v4.print.PrintHelper: boolean systemSupportsPrint()
android.support.v4.print.PrintHelper: PrintHelper(android.content.Context)
android.support.v4.print.PrintHelper: void setScaleMode(int)
android.support.v4.print.PrintHelper: int getScaleMode()
android.support.v4.print.PrintHelper: void setColorMode(int)
android.support.v4.print.PrintHelper: int getColorMode()
android.support.v4.print.PrintHelper: void setOrientation(int)
android.support.v4.print.PrintHelper: int getOrientation()
android.support.v4.print.PrintHelper: void printBitmap(java.lang.String,android.graphics.Bitmap)
android.support.v4.print.PrintHelper: void printBitmap(java.lang.String,android.net.Uri)
android.support.v4.text.BidiFormatter
android.support.v4.text.BidiFormatter: android.support.v4.text.BidiFormatter getInstance()
android.support.v4.text.BidiFormatter: android.support.v4.text.BidiFormatter getInstance(boolean)
android.support.v4.text.BidiFormatter: android.support.v4.text.BidiFormatter getInstance(java.util.Locale)
android.support.v4.text.BidiFormatter: boolean isRtlContext()
android.support.v4.text.BidiFormatter: boolean getStereoReset()
android.support.v4.text.BidiFormatter: boolean isRtl(java.lang.String)
android.support.v4.text.BidiFormatter: java.lang.String unicodeWrap(java.lang.String,android.support.v4.text.TextDirectionHeuristicCompat,boolean)
android.support.v4.text.BidiFormatter: java.lang.String unicodeWrap(java.lang.String,android.support.v4.text.TextDirectionHeuristicCompat)
android.support.v4.text.BidiFormatter: java.lang.String unicodeWrap(java.lang.String,boolean)
android.support.v4.text.BidiFormatter: java.lang.String unicodeWrap(java.lang.String)
android.support.v4.text.BidiFormatter$Builder
android.support.v4.text.BidiFormatter$Builder: BidiFormatter$Builder()
android.support.v4.text.BidiFormatter$Builder: BidiFormatter$Builder(boolean)
android.support.v4.text.BidiFormatter$Builder: BidiFormatter$Builder(java.util.Locale)
android.support.v4.text.BidiFormatter$Builder: android.support.v4.text.BidiFormatter$Builder stereoReset(boolean)
android.support.v4.text.BidiFormatter$Builder: android.support.v4.text.BidiFormatter$Builder setTextDirectionHeuristic(android.support.v4.text.TextDirectionHeuristicCompat)
android.support.v4.text.BidiFormatter$Builder: android.support.v4.text.BidiFormatter build()
android.support.v4.text.ICUCompat
android.support.v4.text.ICUCompat: ICUCompat()
android.support.v4.text.ICUCompat: java.lang.String getScript(java.lang.String)
android.support.v4.text.ICUCompat: java.lang.String addLikelySubtags(java.lang.String)
android.support.v4.text.TextDirectionHeuristicCompat
android.support.v4.text.TextDirectionHeuristicCompat: boolean isRtl(char[],int,int)
android.support.v4.text.TextDirectionHeuristicCompat: boolean isRtl(java.lang.CharSequence,int,int)