proguard_logs/mapping.txt
com.example.instantscore.AppSectionsPagerAdapter -> com.example.instantscore.AppSectionsPagerAdapter:
    android.support.v4.app.FragmentActivity c -> a
    20:38:android.support.v4.app.Fragment getItem(int) -> getItem
    43:43:int getCount() -> getCount
    48:49:java.lang.CharSequence getPageTitle(int) -> getPageTitle
    53:53:int getLastFragmentIndex() -> getLastFragmentIndex
    57:57:java.lang.String makeFragmentName(int,long) -> a
com.example.instantscore.BuildConfig -> com.example.instantscore.BuildConfig:
    boolean DEBUG -> DEBUG
com.example.instantscore.MainActivity -> com.example.instantscore.MainActivity:
    com.example.instantscore.AppSectionsPagerAdapter mAppSectionsPagerAdapter -> n
    android.support.v4.view.ViewPager mViewPager -> o
    com.example.instantscore.communication.DataFetcher fetcher1 -> p
    com.example.instantscore.communication.DataFetcher fetcher2 -> q
    31:64:void onCreate(android.os.Bundle) -> onCreate
    68:70:void onResume() -> onResume
    75:76:boolean onCreateOptionsMenu(android.view.Menu) -> onCreateOptionsMenu
    82:90:boolean onOptionsItemSelected(android.view.MenuItem) -> onOptionsItemSelected
    96:96:void onTabReselected(android.app.ActionBar$Tab,android.app.FragmentTransaction) -> onTabReselected
    100:106:void onTabSelected(android.app.ActionBar$Tab,android.app.FragmentTransaction) -> onTabSelected
    110:110:void onTabUnselected(android.app.ActionBar$Tab,android.app.FragmentTransaction) -> onTabUnselected
    114:116:boolean firstTimeRun() -> b
    120:130:void runDownloader() -> c
    133:136:void showPreferences() -> d
    141:151:void onUpdate(com.example.instantscore.model.EventContainer) -> onUpdate
    155:158:void onException(com.example.instantscore.model.EventContainer) -> onException
    162:166:void onPause() -> onPause
com.example.instantscore.MainActivity$1 -> mm:
    android.app.ActionBar val$actionBar -> a
    com.example.instantscore.MainActivity this$0 -> b
    46:47:void onPageSelected(int) -> onPageSelected
com.example.instantscore.MainSectionFragment -> com.example.instantscore.MainSectionFragment:
    android.widget.RelativeLayout backgroundWarning -> a
    android.app.Activity activity -> b
    com.google.gson.Gson gson -> c
    android.widget.ExpandableListView expandableListView -> d
    com.example.instantscore.adapter.ExpandableListAdapter listAdapter -> e
    java.lang.String isLive -> f
    java.util.List expandedGroups -> g
    42:44:void onAttach(android.app.Activity) -> onAttach
    48:89:android.view.View onCreateView(android.view.LayoutInflater,android.view.ViewGroup,android.os.Bundle) -> onCreateView
    93:99:void onUpdate(java.lang.String) -> onUpdate
    102:111:void highlightSelections(java.util.List) -> a
    114:117:void expandGroups() -> n
    121:123:void submitGame(com.example.instantscore.model.Match,android.view.View) -> a
    126:134:java.util.List createSubscribtionDataToSend(com.example.instantscore.model.Match) -> a
    138:139:java.lang.String getFromPrefs(java.lang.String) -> a
    143:145:void setListBackground() -> l
    148:150:void removeListBackground() -> m
    30:30:java.util.List access$000(com.example.instantscore.MainSectionFragment) -> a
com.example.instantscore.MainSectionFragment$1 -> mn:
    com.example.instantscore.MainSectionFragment this$0 -> a
    59:71:boolean onChildClick(android.widget.ExpandableListView,android.view.View,int,int,long) -> onChildClick
com.example.instantscore.MainSectionFragment$2 -> mo:
    com.example.instantscore.MainSectionFragment this$0 -> a
    79:85:boolean onGroupClick(android.widget.ExpandableListView,android.view.View,int,long) -> onGroupClick
com.example.instantscore.MainSectionFragment$3 -> mp:
    com.example.instantscore.MainSectionFragment this$0 -> a
com.example.instantscore.R -> com.example.instantscore.R:
com.example.instantscore.R$array -> com.example.instantscore.R$array:
    int titles -> titles
...
com.newrelic.agent.android.logging.NullAgentLog -> com.newrelic.agent.android.logging.NullAgentLog:
    6:6:void debug(java.lang.String) -> debug
    10:10:void info(java.lang.String) -> info
    14:14:void verbose(java.lang.String) -> verbose
    18:18:void error(java.lang.String) -> error
    22:22:void error(java.lang.String,java.lang.Throwable) -> error
    26:26:void warning(java.lang.String) -> warning
    30:30:int getLevel() -> getLevel
    35:35:void setLevel(int) -> setLevel
com.newrelic.agent.android.measurement.ActivityMeasurement -> com.newrelic.agent.android.measurement.ActivityMeasurement:
com.newrelic.agent.android.measurement.BaseMeasurement -> com.newrelic.agent.android.measurement.BaseMeasurement:
    com.newrelic.agent.android.logging.AgentLog log -> a
    com.newrelic.agent.android.measurement.MeasurementType type -> b
    java.lang.String name -> c
    java.lang.String scope -> d
    long startTime -> e
    long endTime -> f
    long exclusiveTime -> g
    com.newrelic.agent.android.measurement.ThreadInfo threadInfo -> h
    boolean finished -> i
    38:40:void setType(com.newrelic.agent.android.measurement.MeasurementType) -> a
    43:45:void setName(java.lang.String) -> setName
    48:50:void setScope(java.lang.String) -> setScope
    53:55:void setStartTime(long) -> setStartTime
    58:64:void setEndTime(long) -> setEndTime
    67:69:void setExclusiveTime(long) -> setExclusiveTime
    73:73:com.newrelic.agent.android.measurement.MeasurementType getType() -> getType
    78:78:java.lang.String getName() -> getName
    83:83:java.lang.String getScope() -> getScope
    88:88:long getStartTime() -> getStartTime
    93:93:double getStartTimeInSeconds() -> getStartTimeInSeconds
    98:98:long getEndTime() -> getEndTime
    103:103:double getEndTimeInSeconds() -> getEndTimeInSeconds
    108:108:long getExclusiveTime() -> getExclusiveTime
    113:113:double getExclusiveTimeInSeconds() -> getExclusiveTimeInSeconds
    118:118:double asDouble() -> asDouble
    123:123:com.newrelic.agent.android.measurement.ThreadInfo getThreadInfo() -> getThreadInfo
com.newrelic.agent.android.measurement.CategorizedMeasurement -> com.newrelic.agent.android.measurement.CategorizedMeasurement:
    com.newrelic.agent.android.instrumentation.MetricCategory category -> a
    13:13:com.newrelic.agent.android.instrumentation.MetricCategory getCategory() -> getCategory
    17:18:void setCategory(com.newrelic.agent.android.instrumentation.MetricCategory) -> setCategory
com.newrelic.agent.android.measurement.CustomMetricMeasurement -> com.newrelic.agent.android.measurement.CustomMetricMeasurement:
    com.newrelic.agent.android.metric.Metric customMetric -> a
    24:24:com.newrelic.agent.android.metric.Metric getCustomMetric() -> getCustomMetric
com.newrelic.agent.android.measurement.Measurement -> com.newrelic.agent.android.measurement.Measurement:
    com.newrelic.agent.android.measurement.MeasurementType getType() -> getType
    java.lang.String getName() -> getName
    java.lang.String getScope() -> getScope
    long getStartTime() -> getStartTime
    double getStartTimeInSeconds() -> getStartTimeInSeconds
    long getEndTime() -> getEndTime
    double getEndTimeInSeconds() -> getEndTimeInSeconds
    long getExclusiveTime() -> getExclusiveTime
    double getExclusiveTimeInSeconds() -> getExclusiveTimeInSeconds
    com.newrelic.agent.android.measurement.ThreadInfo getThreadInfo() -> getThreadInfo
    boolean isInstantaneous() -> isInstantaneous
    void finish() -> finish
    boolean isFinished() -> isFinished
    double asDouble() -> asDouble
com.newrelic.agent.android.measurement.MeasurementException -> com.newrelic.agent.android.measurement.MeasurementException: