proguard_logs/usage.txt
com.example.instantscore.communication.HttpClient:
    private static final int TIMEOUT
    private static final java.lang.String USER_AGENT
com.example.instantscore.database.DBHelper:
    private static final java.lang.String DATABASE_NAME
    private static final int DATABASE_VERSION
com.example.instantscore.database.DBManager:
    private static final int MAX_NUM_SELECTED_MATCHES_PER_DAY
    48:48:private static boolean isSpaceForExtraMatch()
...
com.newrelic.agent.android.instrumentation.Bootstrap:
    private static final java.lang.String CONF_NEW_RELIC_APPLICATION_NAME
    private static final java.lang.String CONF_NEW_RELIC_ENABLE_LOCATION
    private static final java.lang.String CONF_NEW_RELIC_ENABLE_SSL
    private static final java.lang.String CONF_NEW_RELIC_COLLECTOR
    private static final java.lang.String CONF_NEW_RELIC_ENABLE_LOGGING
    private static final java.lang.String DEFAULT_COLLECTOR_ADDR
com.newrelic.agent.android.instrumentation.TransactionStateUtil:
    private static final java.lang.String CONTENT_LENGTH_HEADER
    private static final java.lang.String CONTENT_TYPE_HEADER
com.newrelic.agent.android.logging.AndroidAgentLog:
    private static final java.lang.String TAG
com.newrelic.agent.android.measurement.consumer.CustomMetricConsumer:
    private static final java.lang.String METRIC_PREFIX
com.newrelic.agent.android.measurement.consumer.MethodMeasurementConsumer:
    private static final java.lang.String METRIC_PREFIX
com.newrelic.agent.android.measurement.consumer.SummaryMetricMeasurementConsumer:
    private static final java.lang.String METRIC_PREFIX
    private static final java.lang.String ACTIVITY_METRIC_PREFIX
com.newrelic.agent.android.measurement.producer.CustomMetricProducer:
    private static final java.lang.String FILTER_REGEX
com.newrelic.agent.android.sample.Sampler:
    private static final long SAMPLE_FREQ_MS
    private static final int KB_IN_MB
com.newrelic.agent.android.tracing.Trace:
    private static final java.lang.String CATEGORY_PARAMETER
com.newrelic.agent.android.util.Carrier:
    private static final java.lang.String ANDROID
com.newrelic.com.google.gson.DefaultDateTypeAdapter:
    53:54:DefaultDateTypeAdapter(int)
com.newrelic.com.google.gson.FieldAttributes:
    146:146:java.lang.Object get(java.lang.Object)
    155:155:boolean isSynthetic()
com.newrelic.com.google.gson.Gson:
    static final boolean DEFAULT_JSON_NON_EXECUTABLE
    private static final java.lang.String JSON_NON_EXECUTABLE_PREFIX
com.newrelic.com.google.gson.JsonArray:
    45:49:com.newrelic.com.google.gson.JsonArray deepCopy()
    33:33:bridge synthetic com.newrelic.com.google.gson.JsonElement deepCopy()
com.newrelic.com.google.gson.JsonElement:
    abstract com.newrelic.com.google.gson.JsonElement deepCopy()
com.newrelic.com.google.gson.JsonNull:
    45:45:com.newrelic.com.google.gson.JsonNull deepCopy()
    26:26:bridge synthetic com.newrelic.com.google.gson.JsonElement deepCopy()
com.newrelic.com.google.gson.JsonObject:
    38:42:com.newrelic.com.google.gson.JsonObject deepCopy()
    32:32:bridge synthetic com.newrelic.com.google.gson.JsonElement deepCopy()
com.newrelic.com.google.gson.JsonPrimitive:
    90:90:com.newrelic.com.google.gson.JsonPrimitive deepCopy()
    33:33:bridge synthetic com.newrelic.com.google.gson.JsonElement deepCopy()
com.newrelic.com.google.gson.internal.Excluder:
    private static final double IGNORE_VERSIONS
com.newrelic.com.google.gson.internal.bind.TypeAdapters$23:
    private static final java.lang.String YEAR
    private static final java.lang.String MONTH
    private static final java.lang.String DAY_OF_MONTH
    private static final java.lang.String HOUR_OF_DAY
    private static final java.lang.String MINUTE
    private static final java.lang.String SECOND